<?xml version="1.0" encoding="UTF-8"?>
<!-- Generated by org.testng.reporters.JUnitXMLReporter -->
<testsuite ignored="0" hostname="DEL1-PWDPC-378" failures="0" tests="32" name="Test" time="2.309" errors="0" timestamp="2022-07-05T12:43:51 IST">
  <testcase classname="Selenium_Demo.Your_Logo.createAccountPageTest" name="@BeforeTest driverInitialize" time="2.191">
    <failure type="org.openqa.selenium.NoSuchElementException" message="no such element: Unable to locate element: {&amp;quot;method&amp;quot;:&amp;quot;xpath&amp;quot;,&amp;quot;selector&amp;quot;:&amp;quot;//a[@class=&amp;apos;login&amp;apos;]&amp;quot;}
  (Session info: chrome=103.0.5060.66)
For documentation on this error, please visit: https://selenium.dev/exceptions/#no_such_element
Build info: version: &amp;apos;4.1.4&amp;apos;, revision: &amp;apos;535d840ee2&amp;apos;
System info: host: &amp;apos;DEL1-PWDPC-378&amp;apos;, ip: &amp;apos;192.168.65.85&amp;apos;, os.name: &amp;apos;Windows 10&amp;apos;, os.arch: &amp;apos;amd64&amp;apos;, os.version: &amp;apos;10.0&amp;apos;, java.version: &amp;apos;17.0.2&amp;apos;
Driver info: org.openqa.selenium.chrome.ChromeDriver
Command: [f4bce6a33698a0a4f4e812ae5391ad30, findElement {using=xpath, value=//a[@class=&amp;apos;login&amp;apos;]}]
Capabilities {acceptInsecureCerts: false, browserName: chrome, browserVersion: 103.0.5060.66, chrome: {chromedriverVersion: 103.0.5060.53 (a1711811edd7..., userDataDir: C:\Users\dsingh\AppData\Loc...}, goog:chromeOptions: {debuggerAddress: localhost:54743}, javascriptEnabled: true, networkConnectionEnabled: false, pageLoadStrategy: normal, platform: WINDOWS, platformName: WINDOWS, proxy: Proxy(), se:cdp: ws://localhost:54743/devtoo..., se:cdpVersion: 103.0.5060.66, setWindowRect: true, strictFileInteractability: false, timeouts: {implicit: 0, pageLoad: 300000, script: 30000}, unhandledPromptBehavior: dismiss and notify, webauthn:extension:credBlob: true, webauthn:extension:largeBlob: true, webauthn:virtualAuthenticators: true}
Session ID: f4bce6a33698a0a4f4e812ae5391ad30">
      <![CDATA[org.openqa.selenium.NoSuchElementException: no such element: Unable to locate element: {"method":"xpath","selector":"//a[@class='login']"}
  (Session info: chrome=103.0.5060.66)
For documentation on this error, please visit: https://selenium.dev/exceptions/#no_such_element
Build info: version: '4.1.4', revision: '535d840ee2'
System info: host: 'DEL1-PWDPC-378', ip: '192.168.65.85', os.name: 'Windows 10', os.arch: 'amd64', os.version: '10.0', java.version: '17.0.2'
Driver info: org.openqa.selenium.chrome.ChromeDriver
Command: [f4bce6a33698a0a4f4e812ae5391ad30, findElement {using=xpath, value=//a[@class='login']}]
Capabilities {acceptInsecureCerts: false, browserName: chrome, browserVersion: 103.0.5060.66, chrome: {chromedriverVersion: 103.0.5060.53 (a1711811edd7..., userDataDir: C:\Users\dsingh\AppData\Loc...}, goog:chromeOptions: {debuggerAddress: localhost:54743}, javascriptEnabled: true, networkConnectionEnabled: false, pageLoadStrategy: normal, platform: WINDOWS, platformName: WINDOWS, proxy: Proxy(), se:cdp: ws://localhost:54743/devtoo..., se:cdpVersion: 103.0.5060.66, setWindowRect: true, strictFileInteractability: false, timeouts: {implicit: 0, pageLoad: 300000, script: 30000}, unhandledPromptBehavior: dismiss and notify, webauthn:extension:credBlob: true, webauthn:extension:largeBlob: true, webauthn:virtualAuthenticators: true}
Session ID: f4bce6a33698a0a4f4e812ae5391ad30
at org.openqa.selenium.remote.codec.w3c.W3CHttpResponseCodec.createException(W3CHttpResponseCodec.java:200)
at org.openqa.selenium.remote.codec.w3c.W3CHttpResponseCodec.decode(W3CHttpResponseCodec.java:133)
at org.openqa.selenium.remote.codec.w3c.W3CHttpResponseCodec.decode(W3CHttpResponseCodec.java:53)
at org.openqa.selenium.remote.HttpCommandExecutor.execute(HttpCommandExecutor.java:184)
at org.openqa.selenium.remote.service.DriverCommandExecutor.invokeExecute(DriverCommandExecutor.java:167)
at org.openqa.selenium.remote.service.DriverCommandExecutor.execute(DriverCommandExecutor.java:142)
at org.openqa.selenium.remote.RemoteWebDriver.execute(RemoteWebDriver.java:567)
at org.openqa.selenium.remote.ElementLocation$ElementFinder$2.findElement(ElementLocation.java:162)
at org.openqa.selenium.remote.ElementLocation.findElement(ElementLocation.java:60)
at org.openqa.selenium.remote.RemoteWebDriver.findElement(RemoteWebDriver.java:385)
at org.openqa.selenium.remote.RemoteWebDriver.findElement(RemoteWebDriver.java:377)
at Selenium_Demo.Your_Logo.createAccountPageTest.driverInitialize(createAccountPageTest.java:40)
... Removed 29 stack frames]]>
    </failure>
  </testcase> <!-- @BeforeTest driverInitialize -->
  <testcase classname="Selenium_Demo.Your_Logo.homePageTest" name="@BeforeTest driverInitialize" time="-1.657005231215E9">
    <skipped/>
  </testcase> <!-- @BeforeTest driverInitialize -->
  <testcase classname="Selenium_Demo.Your_Logo.signInPageTest" name="@BeforeTest driverInitialize" time="-1.657005231216E9">
    <skipped/>
  </testcase> <!-- @BeforeTest driverInitialize -->
  <testcase classname="Selenium_Demo.Your_Logo.shippingPageTest" name="@BeforeMethod neccessarySteps" time="-1.657005231273E9">
    <skipped/>
  </testcase> <!-- @BeforeMethod neccessarySteps -->
  <testcase classname="Selenium_Demo.Your_Logo.shippingPageTest" name="@AfterMethod browserClosing" time="-1.657005231277E9">
    <skipped/>
  </testcase> <!-- @AfterMethod browserClosing -->
  <testcase classname="Selenium_Demo.Your_Logo.shippingPageTest" name="@BeforeMethod neccessarySteps" time="-1.657005231278E9">
    <skipped/>
  </testcase> <!-- @BeforeMethod neccessarySteps -->
  <testcase classname="Selenium_Demo.Your_Logo.shippingPageTest" name="@AfterMethod browserClosing" time="-1.657005231281E9">
    <skipped/>
  </testcase> <!-- @AfterMethod browserClosing -->
  <testcase classname="Selenium_Demo.Your_Logo.shippingPageTest" name="@BeforeMethod neccessarySteps" time="-1.657005231282E9">
    <skipped/>
  </testcase> <!-- @BeforeMethod neccessarySteps -->
  <testcase classname="Selenium_Demo.Your_Logo.shippingPageTest" name="@AfterMethod browserClosing" time="-1.657005231284E9">
    <skipped/>
  </testcase> <!-- @AfterMethod browserClosing -->
  <testcase classname="Selenium_Demo.Your_Logo.shoppingCartPageTest" name="@BeforeMethod driverInitialize" time="-1.657005231302E9">
    <skipped/>
  </testcase> <!-- @BeforeMethod driverInitialize -->
  <testcase classname="Selenium_Demo.Your_Logo.shoppingCartPageTest" name="@AfterMethod browserClosing" time="-1.657005231304E9">
    <skipped/>
  </testcase> <!-- @AfterMethod browserClosing -->
  <testcase classname="Selenium_Demo.Your_Logo.shoppingCartPageTest" name="@BeforeMethod driverInitialize" time="-1.657005231305E9">
    <skipped/>
  </testcase> <!-- @BeforeMethod driverInitialize -->
  <testcase classname="Selenium_Demo.Your_Logo.shoppingCartPageTest" name="@AfterMethod browserClosing" time="-1.657005231307E9">
    <skipped/>
  </testcase> <!-- @AfterMethod browserClosing -->
  <testcase classname="Selenium_Demo.Your_Logo.shoppingCartPageTest" name="@BeforeMethod driverInitialize" time="-1.657005231308E9">
    <skipped/>
  </testcase> <!-- @BeforeMethod driverInitialize -->
  <testcase classname="Selenium_Demo.Your_Logo.shoppingCartPageTest" name="@AfterMethod browserClosing" time="-1.65700523131E9">
    <skipped/>
  </testcase> <!-- @AfterMethod browserClosing -->
  <testcase classname="Selenium_Demo.Your_Logo.shoppingCartPageTest" name="@BeforeMethod driverInitialize" time="-1.657005231311E9">
    <skipped/>
  </testcase> <!-- @BeforeMethod driverInitialize -->
  <testcase classname="Selenium_Demo.Your_Logo.shoppingCartPageTest" name="@AfterMethod browserClosing" time="-1.657005231314E9">
    <skipped/>
  </testcase> <!-- @AfterMethod browserClosing -->
  <testcase classname="Selenium_Demo.Your_Logo.paymentPageTest" name="@BeforeMethod neccessarySteps" time="-1.657005231315E9">
    <skipped/>
  </testcase> <!-- @BeforeMethod neccessarySteps -->
  <testcase classname="Selenium_Demo.Your_Logo.paymentPageTest" name="@BeforeMethod neccessarySteps" time="-1.657005231317E9">
    <skipped/>
  </testcase> <!-- @BeforeMethod neccessarySteps -->
  <testcase classname="Selenium_Demo.Your_Logo.paymentPageTest" name="@BeforeMethod neccessarySteps" time="-1.65700523132E9">
    <skipped/>
  </testcase> <!-- @BeforeMethod neccessarySteps -->
  <testcase classname="Selenium_Demo.Your_Logo.createAccountPageTest" name="@AfterTest browserClosing" time="-1.657005231322E9">
    <skipped/>
  </testcase> <!-- @AfterTest browserClosing -->
  <testcase classname="Selenium_Demo.Your_Logo.homePageTest" name="@AfterTest browserClosing" time="-1.657005231323E9">
    <skipped/>
  </testcase> <!-- @AfterTest browserClosing -->
  <testcase classname="Selenium_Demo.Your_Logo.signInPageTest" name="@AfterTest browserClosing" time="-1.657005231324E9">
    <skipped/>
  </testcase> <!-- @AfterTest browserClosing -->
  <testcase classname="Selenium_Demo.Your_Logo.homePageTest" name="TC_HOME_00_Browser_Invoking" time="0.0">
    <skipped/>
  </testcase> <!-- TC_HOME_00_Browser_Invoking -->
  <testcase classname="Selenium_Demo.Your_Logo.homePageTest" name="TC_HOME_01_Banner_Image" time="0.0">
    <skipped/>
  </testcase> <!-- TC_HOME_01_Banner_Image -->
  <testcase classname="Selenium_Demo.Your_Logo.homePageTest" name="TC_HOME_02_Contact_Us_Button" time="0.0">
    <skipped/>
  </testcase> <!-- TC_HOME_02_Contact_Us_Button -->
  <testcase classname="Selenium_Demo.Your_Logo.homePageTest" name="TC_HOME_03_Sign_In_Button" time="0.0">
    <skipped/>
  </testcase> <!-- TC_HOME_03_Sign_In_Button -->
  <testcase classname="Selenium_Demo.Your_Logo.homePageTest" name="TC_HOME_04_Brand_Logo" time="0.0">
    <skipped/>
  </testcase> <!-- TC_HOME_04_Brand_Logo -->
  <testcase classname="Selenium_Demo.Your_Logo.homePageTest" name="TC_HOME_05_Search_Invalid" time="0.0">
    <skipped/>
  </testcase> <!-- TC_HOME_05_Search_Invalid -->
  <testcase classname="Selenium_Demo.Your_Logo.homePageTest" name="TC_HOME_06_Search_Valid" time="0.0">
    <skipped/>
  </testcase> <!-- TC_HOME_06_Search_Valid -->
  <testcase classname="Selenium_Demo.Your_Logo.homePageTest" name="TC_HOME_07_Shopping_Cart_Empty" time="0.0">
    <skipped/>
  </testcase> <!-- TC_HOME_07_Shopping_Cart_Empty -->
  <testcase classname="Selenium_Demo.Your_Logo.homePageTest" name="TC_HOME_08_Add_to_cart" time="0.0">
    <skipped/>
  </testcase> <!-- TC_HOME_08_Add_to_cart -->
  <testcase classname="Selenium_Demo.Your_Logo.homePageTest" name="TC_HOME_09_Shopping_Cart_Product" time="0.0">
    <skipped/>
  </testcase> <!-- TC_HOME_09_Shopping_Cart_Product -->
  <testcase classname="Selenium_Demo.Your_Logo.homePageTest" name="TC_HOME_10_Shopping_Cart" time="0.0">
    <skipped/>
  </testcase> <!-- TC_HOME_10_Shopping_Cart -->
  <testcase classname="Selenium_Demo.Your_Logo.homePageTest" name="TC_HOME_11_Shopping_Cart_2" time="0.0">
    <skipped/>
  </testcase> <!-- TC_HOME_11_Shopping_Cart_2 -->
  <testcase classname="Selenium_Demo.Your_Logo.signInPageTest" name="TC_SIGN_IN_01_Create_Account_Invalid" time="0.0">
    <skipped/>
  </testcase> <!-- TC_SIGN_IN_01_Create_Account_Invalid -->
  <testcase classname="Selenium_Demo.Your_Logo.signInPageTest" name="TC_SIGN_IN_02_Create_Account_Invalid_Null_Data" time="0.0">
    <skipped/>
  </testcase> <!-- TC_SIGN_IN_02_Create_Account_Invalid_Null_Data -->
  <testcase classname="Selenium_Demo.Your_Logo.signInPageTest" name="TC_SIGN_IN_03_Create_Account_Valid" time="0.0">
    <skipped/>
  </testcase> <!-- TC_SIGN_IN_03_Create_Account_Valid -->
  <testcase classname="Selenium_Demo.Your_Logo.shippingPageTest" name="TC_SHIPPING_01_Error_Prompt" time="0.0">
    <skipped/>
  </testcase> <!-- TC_SHIPPING_01_Error_Prompt -->
  <testcase classname="Selenium_Demo.Your_Logo.shippingPageTest" name="TC_SHIPPING_02_terms_Of_Services_Checkbox" time="0.0">
    <skipped/>
  </testcase> <!-- TC_SHIPPING_02_terms_Of_Services_Checkbox -->
  <testcase classname="Selenium_Demo.Your_Logo.shippingPageTest" name="TC_SHIPPING_03_Proceed_To_Checkout" time="0.0">
    <skipped/>
  </testcase> <!-- TC_SHIPPING_03_Proceed_To_Checkout -->
  <testcase classname="Selenium_Demo.Your_Logo.createAccountPageTest" name="TC_CREATE_ACCOUNT_01_Create_Account_Invalid" time="0.0">
    <skipped/>
  </testcase> <!-- TC_CREATE_ACCOUNT_01_Create_Account_Invalid -->
  <testcase classname="Selenium_Demo.Your_Logo.createAccountPageTest" name="TC_CREATE_ACCOUNT_04_First_Name_Invalid" time="0.0">
    <skipped/>
  </testcase> <!-- TC_CREATE_ACCOUNT_04_First_Name_Invalid -->
  <testcase classname="Selenium_Demo.Your_Logo.createAccountPageTest" name="TC_CREATE_ACCOUNT_05_First_Name_Invalid1" time="0.0">
    <skipped/>
  </testcase> <!-- TC_CREATE_ACCOUNT_05_First_Name_Invalid1 -->
  <testcase classname="Selenium_Demo.Your_Logo.createAccountPageTest" name="TC_CREATE_ACCOUNT_06_First_Name_Invalid2" time="0.0">
    <skipped/>
  </testcase> <!-- TC_CREATE_ACCOUNT_06_First_Name_Invalid2 -->
  <testcase classname="Selenium_Demo.Your_Logo.createAccountPageTest" name="TC_CREATE_ACCOUNT_07_First_Name_Valid" time="0.0">
    <skipped/>
  </testcase> <!-- TC_CREATE_ACCOUNT_07_First_Name_Valid -->
  <testcase classname="Selenium_Demo.Your_Logo.createAccountPageTest" name="TC_CREATE_ACCOUNT_16_Date_Selection" time="0.0">
    <skipped/>
  </testcase> <!-- TC_CREATE_ACCOUNT_16_Date_Selection -->
  <testcase classname="Selenium_Demo.Your_Logo.createAccountPageTest" name="TC_CREATE_ACCOUNT_29_Account_Create_E2E" time="0.0">
    <skipped/>
  </testcase> <!-- TC_CREATE_ACCOUNT_29_Account_Create_E2E -->
  <testcase classname="Selenium_Demo.Your_Logo.shoppingCartPageTest" name="TC_SHOPPING_CART_01_Product_Quantity_Increase" time="0.0">
    <skipped/>
  </testcase> <!-- TC_SHOPPING_CART_01_Product_Quantity_Increase -->
  <testcase classname="Selenium_Demo.Your_Logo.shoppingCartPageTest" name="TC_SHOPPING_CART_02_Product_Quantity_Reduce" time="0.0">
    <skipped/>
  </testcase> <!-- TC_SHOPPING_CART_02_Product_Quantity_Reduce -->
  <testcase classname="Selenium_Demo.Your_Logo.shoppingCartPageTest" name="TC_SHOPPING_CART_03_Delete_Product" time="0.0">
    <skipped/>
  </testcase> <!-- TC_SHOPPING_CART_03_Delete_Product -->
  <testcase classname="Selenium_Demo.Your_Logo.shoppingCartPageTest" name="TC_SHOPPING_CART_04_Proceed_To_Checkout" time="0.0">
    <skipped/>
  </testcase> <!-- TC_SHOPPING_CART_04_Proceed_To_Checkout -->
  <testcase classname="Selenium_Demo.Your_Logo.paymentPageTest" name="TC_PAYMENT_01_Payment_Method" time="0.0">
    <skipped/>
  </testcase> <!-- TC_PAYMENT_01_Payment_Method -->
  <testcase classname="Selenium_Demo.Your_Logo.paymentPageTest" name="TC_PAYMENT_02_Order_Confirmation" time="0.0">
    <skipped/>
  </testcase> <!-- TC_PAYMENT_02_Order_Confirmation -->
  <testcase classname="Selenium_Demo.Your_Logo.paymentPageTest" name="TC_PAYMENT_03_Back_To_Orders" time="0.0">
    <skipped/>
  </testcase> <!-- TC_PAYMENT_03_Back_To_Orders -->
</testsuite> <!-- Test -->
